app/build/intermediates/manifest_merge_blame_file/debug/processDebugMainManifest/manifest-merger-blame-debug-report.txt
1<?xml version="1.0" encoding="utf-8"?>
2<manifest xmlns:android="http://schemas.android.com/apk/res/android"
3    package="com.bitchat.droid"
4    android:versionCode="22"
5    android:versionName="1.3.1" >
6
7    <uses-sdk
8        android:minSdkVersion="26"
9        android:targetSdkVersion="34" />
10
11    <!-- Internet permissions for Nostr relay connections -->
12    <uses-permission android:name="android.permission.INTERNET" />
12-->src\main\AndroidManifest.xml:6:5-67
12-->src\main\AndroidManifest.xml:6:22-64
13    <uses-permission android:name="android.permission.ACCESS_NETWORK_STATE" />
13-->src\main\AndroidManifest.xml:7:5-79
13-->src\main\AndroidManifest.xml:7:22-76
14
15    <!-- Bluetooth permissions -->
16    <uses-permission
16-->src\main\AndroidManifest.xml:10:5-95
17        android:name="android.permission.BLUETOOTH"
17-->src\main\AndroidManifest.xml:10:22-65
18        android:maxSdkVersion="30" />
18-->src\main\AndroidManifest.xml:10:66-92
19    <uses-permission
19-->src\main\AndroidManifest.xml:11:5-101
20        android:name="android.permission.BLUETOOTH_ADMIN"
20-->src\main\AndroidManifest.xml:11:22-71
21        android:maxSdkVersion="30" />
21-->src\main\AndroidManifest.xml:11:72-98
22    <uses-permission android:name="android.permission.BLUETOOTH_ADVERTISE" />
22-->src\main\AndroidManifest.xml:12:5-78
22-->src\main\AndroidManifest.xml:12:22-75
23    <uses-permission android:name="android.permission.BLUETOOTH_CONNECT" />
23-->src\main\AndroidManifest.xml:13:5-76
23-->src\main\AndroidManifest.xml:13:22-73
24    <uses-permission android:name="android.permission.BLUETOOTH_SCAN" />
24-->src\main\AndroidManifest.xml:14:5-73
24-->src\main\AndroidManifest.xml:14:22-70
25
26    <!-- Location permission required for BLE scanning -->
27    <uses-permission android:name="android.permission.ACCESS_COARSE_LOCATION" />
27-->src\main\AndroidManifest.xml:17:5-81
27-->src\main\AndroidManifest.xml:17:22-78
28    <uses-permission android:name="android.permission.ACCESS_FINE_LOCATION" />
28-->src\main\AndroidManifest.xml:18:5-79
28-->src\main\AndroidManifest.xml:18:22-76
29
30    <!-- Notification permissions -->
31    <uses-permission android:name="android.permission.POST_NOTIFICATIONS" />
31-->src\main\AndroidManifest.xml:21:5-77
31-->src\main\AndroidManifest.xml:21:22-74
32
33    <!-- Microphone for voice notes -->
34    <uses-permission android:name="android.permission.RECORD_AUDIO" />
34-->src\main\AndroidManifest.xml:24:5-71
34-->src\main\AndroidManifest.xml:24:22-68
35
36    <!-- Storage permissions for file sharing -->
37    <uses-permission
37-->src\main\AndroidManifest.xml:27:5-107
38        android:name="android.permission.READ_EXTERNAL_STORAGE"
38-->src\main\AndroidManifest.xml:27:22-77
39        android:maxSdkVersion="28" />
39-->src\main\AndroidManifest.xml:27:78-104
40    <uses-permission android:name="android.permission.READ_MEDIA_IMAGES" />
40-->src\main\AndroidManifest.xml:28:5-76
40-->src\main\AndroidManifest.xml:28:22-73
41    <uses-permission android:name="android.permission.READ_MEDIA_VIDEO" />
41-->src\main\AndroidManifest.xml:29:5-75
41-->src\main\AndroidManifest.xml:29:22-72
42    <uses-permission android:name="android.permission.READ_MEDIA_AUDIO" />
42-->src\main\AndroidManifest.xml:30:5-75
42-->src\main\AndroidManifest.xml:30:22-72
43
44    <!-- Haptic feedback permission -->
45    <uses-permission android:name="android.permission.VIBRATE" />
45-->src\main\AndroidManifest.xml:33:5-66
45-->src\main\AndroidManifest.xml:33:22-63
46
47    <!-- Hardware features -->
48    <uses-feature
48-->src\main\AndroidManifest.xml:36:5-90
49        android:name="android.hardware.bluetooth_le"
49-->src\main\AndroidManifest.xml:36:19-63
50        android:required="true" />
50-->src\main\AndroidManifest.xml:36:64-87
51    <uses-feature
51-->src\main\AndroidManifest.xml:37:5-87
52        android:name="android.hardware.bluetooth"
52-->src\main\AndroidManifest.xml:37:19-60
53        android:required="true" />
53-->src\main\AndroidManifest.xml:37:61-84
54
55    <permission
55-->[androidx.core:core:1.16.0] AndroidManifest.xml:22:5-24:47
56        android:name="com.bitchat.droid.DYNAMIC_RECEIVER_NOT_EXPORTED_PERMISSION"
56-->[androidx.core:core:1.16.0] AndroidManifest.xml:23:9-81
57        android:protectionLevel="signature" />
57-->[androidx.core:core:1.16.0] AndroidManifest.xml:24:9-44
58
59    <uses-permission android:name="com.bitchat.droid.DYNAMIC_RECEIVER_NOT_EXPORTED_PERMISSION" />
59-->[androidx.core:core:1.16.0] AndroidManifest.xml:26:5-97
59-->[androidx.core:core:1.16.0] AndroidManifest.xml:26:22-94
60
61    <application
61-->src\main\AndroidManifest.xml:39:5-79:19
62        android:name="com.bitchat.android.BitchatApplication"
62-->src\main\AndroidManifest.xml:40:9-43
63        android:allowBackup="false"
63-->src\main\AndroidManifest.xml:41:9-36
64        android:appComponentFactory="androidx.core.app.CoreComponentFactory"
64-->[androidx.core:core:1.16.0] AndroidManifest.xml:28:18-86
65        android:dataExtractionRules="@xml/data_extraction_rules"
65-->src\main\AndroidManifest.xml:42:9-65
66        android:debuggable="true"
67        android:extractNativeLibs="false"
68        android:fullBackupContent="@xml/backup_rules"
68-->src\main\AndroidManifest.xml:43:9-54
69        android:icon="@mipmap/ic_launcher"
69-->src\main\AndroidManifest.xml:44:9-43
70        android:label="@string/app_name"
70-->src\main\AndroidManifest.xml:46:9-41
71        android:roundIcon="@mipmap/ic_launcher_round"
71-->src\main\AndroidManifest.xml:45:9-54
72        android:supportsRtl="true"
72-->src\main\AndroidManifest.xml:47:9-35
73        android:testOnly="true"
74        android:theme="@style/Theme.BitchatAndroid" >
74-->src\main\AndroidManifest.xml:48:9-52
75
76        <!-- FileProvider for sharing temp/cache files with external viewers -->
77        <provider
78            android:name="androidx.core.content.FileProvider"
78-->src\main\AndroidManifest.xml:52:13-62
79            android:authorities="com.bitchat.droid.fileprovider"
79-->src\main\AndroidManifest.xml:53:13-64
80            android:exported="false"
80-->src\main\AndroidManifest.xml:54:13-37
81            android:grantUriPermissions="true" >
81-->src\main\AndroidManifest.xml:55:13-47
82            <meta-data
82-->src\main\AndroidManifest.xml:56:13-58:54
83                android:name="android.support.FILE_PROVIDER_PATHS"
83-->src\main\AndroidManifest.xml:57:17-67
84                android:resource="@xml/file_paths" />
84-->src\main\AndroidManifest.xml:58:17-51
85        </provider>
86
87        <activity
87-->src\main\AndroidManifest.xml:60:9-65:58
88            android:name="com.bitchat.android.ui.GeohashPickerActivity"
88-->src\main\AndroidManifest.xml:61:13-53
89            android:exported="false"
89-->src\main\AndroidManifest.xml:62:13-37
90            android:screenOrientation="portrait"
90-->src\main\AndroidManifest.xml:64:13-49
91            android:theme="@style/Theme.BitchatAndroid"
91-->src\main\AndroidManifest.xml:63:13-56
92            android:windowSoftInputMode="adjustResize" />
92-->src\main\AndroidManifest.xml:65:13-55
93        <activity
93-->src\main\AndroidManifest.xml:66:9-78:20
94            android:name="com.bitchat.android.MainActivity"
94-->src\main\AndroidManifest.xml:67:13-41
95            android:exported="true"
95-->src\main\AndroidManifest.xml:68:13-36
96            android:label="@string/app_name"
96-->src\main\AndroidManifest.xml:69:13-45
97            android:launchMode="singleTop"
97-->src\main\AndroidManifest.xml:73:13-43
98            android:screenOrientation="portrait"
98-->src\main\AndroidManifest.xml:71:13-49
99            android:theme="@style/Theme.BitchatAndroid"
99-->src\main\AndroidManifest.xml:70:13-56
100            android:windowSoftInputMode="adjustResize" >
100-->src\main\AndroidManifest.xml:72:13-55
101            <intent-filter>
101-->src\main\AndroidManifest.xml:74:13-77:29
102                <action android:name="android.intent.action.MAIN" />
102-->src\main\AndroidManifest.xml:75:17-69
102-->src\main\AndroidManifest.xml:75:25-66
103
104                <category android:name="android.intent.category.LAUNCHER" />
104-->src\main\AndroidManifest.xml:76:17-77
104-->src\main\AndroidManifest.xml:76:27-74
105            </intent-filter>
106        </activity>
107        <activity
107-->[com.google.android.gms:play-services-base:18.5.0] AndroidManifest.xml:5:9-173
108            android:name="com.google.android.gms.common.api.GoogleApiActivity"
108-->[com.google.android.gms:play-services-base:18.5.0] AndroidManifest.xml:5:19-85
109            android:exported="false"
109-->[com.google.android.gms:play-services-base:18.5.0] AndroidManifest.xml:5:146-170
110            android:theme="@android:style/Theme.Translucent.NoTitleBar" />
110-->[com.google.android.gms:play-services-base:18.5.0] AndroidManifest.xml:5:86-145
111
112        <meta-data
112-->[com.google.android.gms:play-services-basement:18.4.0] AndroidManifest.xml:6:9-122
113            android:name="com.google.android.gms.version"
113-->[com.google.android.gms:play-services-basement:18.4.0] AndroidManifest.xml:6:20-65
114            android:value="@integer/google_play_services_version" />
114-->[com.google.android.gms:play-services-basement:18.4.0] AndroidManifest.xml:6:66-119
115
116        <activity
116-->[androidx.compose.ui:ui-tooling-android:1.8.3] AndroidManifest.xml:23:9-25:39
117            android:name="androidx.compose.ui.tooling.PreviewActivity"
117-->[androidx.compose.ui:ui-tooling-android:1.8.3] AndroidManifest.xml:24:13-71
118            android:exported="true" />
118-->[androidx.compose.ui:ui-tooling-android:1.8.3] AndroidManifest.xml:25:13-36
119
120        <provider
120-->[androidx.emoji2:emoji2:1.4.0] AndroidManifest.xml:24:9-32:20
121            android:name="androidx.startup.InitializationProvider"
121-->[androidx.emoji2:emoji2:1.4.0] AndroidManifest.xml:25:13-67
122            android:authorities="com.bitchat.droid.androidx-startup"
122-->[androidx.emoji2:emoji2:1.4.0] AndroidManifest.xml:26:13-68
123            android:exported="false" >
123-->[androidx.emoji2:emoji2:1.4.0] AndroidManifest.xml:27:13-37
124            <meta-data
124-->[androidx.emoji2:emoji2:1.4.0] AndroidManifest.xml:29:13-31:52
125                android:name="androidx.emoji2.text.EmojiCompatInitializer"
125-->[androidx.emoji2:emoji2:1.4.0] AndroidManifest.xml:30:17-75
126                android:value="androidx.startup" />
126-->[androidx.emoji2:emoji2:1.4.0] AndroidManifest.xml:31:17-49
127            <meta-data
127-->[androidx.lifecycle:lifecycle-process:2.9.1] AndroidManifest.xml:29:13-31:52
128                android:name="androidx.lifecycle.ProcessLifecycleInitializer"
128-->[androidx.lifecycle:lifecycle-process:2.9.1] AndroidManifest.xml:30:17-78
129                android:value="androidx.startup" />
129-->[androidx.lifecycle:lifecycle-process:2.9.1] AndroidManifest.xml:31:17-49
130            <meta-data
130-->[androidx.profileinstaller:profileinstaller:1.4.0] AndroidManifest.xml:29:13-31:52
131                android:name="androidx.profileinstaller.ProfileInstallerInitializer"
131-->[androidx.profileinstaller:profileinstaller:1.4.0] AndroidManifest.xml:30:17-85
132                android:value="androidx.startup" />
132-->[androidx.profileinstaller:profileinstaller:1.4.0] AndroidManifest.xml:31:17-49
133        </provider>
134
135        <receiver
135-->[androidx.profileinstaller:profileinstaller:1.4.0] AndroidManifest.xml:34:9-52:20
136            android:name="androidx.profileinstaller.ProfileInstallReceiver"
136-->[androidx.profileinstaller:profileinstaller:1.4.0] AndroidManifest.xml:35:13-76
137            android:directBootAware="false"
137-->[androidx.profileinstaller:profileinstaller:1.4.0] AndroidManifest.xml:36:13-44
138            android:enabled="true"
138-->[androidx.profileinstaller:profileinstaller:1.4.0] AndroidManifest.xml:37:13-35
139            android:exported="true"
139-->[androidx.profileinstaller:profileinstaller:1.4.0] AndroidManifest.xml:38:13-36
140            android:permission="android.permission.DUMP" >
140-->[androidx.profileinstaller:profileinstaller:1.4.0] AndroidManifest.xml:39:13-57
141            <intent-filter>
141-->[androidx.profileinstaller:profileinstaller:1.4.0] AndroidManifest.xml:40:13-42:29
142                <action android:name="androidx.profileinstaller.action.INSTALL_PROFILE" />
142-->[androidx.profileinstaller:profileinstaller:1.4.0] AndroidManifest.xml:41:17-91
142-->[androidx.profileinstaller:profileinstaller:1.4.0] AndroidManifest.xml:41:25-88
143            </intent-filter>
144            <intent-filter>
144-->[androidx.profileinstaller:profileinstaller:1.4.0] AndroidManifest.xml:43:13-45:29
145                <action android:name="androidx.profileinstaller.action.SKIP_FILE" />
145-->[androidx.profileinstaller:profileinstaller:1.4.0] AndroidManifest.xml:44:17-85
145-->[androidx.profileinstaller:profileinstaller:1.4.0] AndroidManifest.xml:44:25-82
146            </intent-filter>
147            <intent-filter>
147-->[androidx.profileinstaller:profileinstaller:1.4.0] AndroidManifest.xml:46:13-48:29
148                <action android:name="androidx.profileinstaller.action.SAVE_PROFILE" />
148-->[androidx.profileinstaller:profileinstaller:1.4.0] AndroidManifest.xml:47:17-88
148-->[androidx.profileinstaller:profileinstaller:1.4.0] AndroidManifest.xml:47:25-85
149            </intent-filter>
150            <intent-filter>
150-->[androidx.profileinstaller:profileinstaller:1.4.0] AndroidManifest.xml:49:13-51:29
151                <action android:name="androidx.profileinstaller.action.BENCHMARK_OPERATION" />
151-->[androidx.profileinstaller:profileinstaller:1.4.0] AndroidManifest.xml:50:17-95
151-->[androidx.profileinstaller:profileinstaller:1.4.0] AndroidManifest.xml:50:25-92
152            </intent-filter>
153        </receiver>
154    </application>
155
156</manifest>